app/build/intermediates/manifest_merge_blame_file/debug/processDebugMainManifest/manifest-merger-blame-debug-report.txt
1<?xml version="1.0" encoding="utf-8"?>
2<manifest xmlns:android="http://schemas.android.com/apk/res/android"
3    package="com.example.queueview"
4    android:versionCode="1"
5    android:versionName="1.0" >
6
7    <uses-sdk
8        android:minSdkVersion="24"
9        android:targetSdkVersion="35" />
10
11    <uses-permission android:name="android.permission.ACCESS_COARSE_LOCATION" />
11-->src\main\AndroidManifest.xml:5:5-81
11-->src\main\AndroidManifest.xml:5:22-78
12    <uses-permission android:name="android.permission.ACCESS_FINE_LOCATION" />
12-->src\main\AndroidManifest.xml:6:5-79
12-->src\main\AndroidManifest.xml:6:22-76
13    <uses-permission android:name="android.permission.INTERNET" />
13-->src\main\AndroidManifest.xml:7:5-67
13-->src\main\AndroidManifest.xml:7:22-64
14    <uses-permission
14-->src\main\AndroidManifest.xml:8:5-9:38
15        android:name="android.permission.WRITE_EXTERNAL_STORAGE"
15-->src\main\AndroidManifest.xml:8:22-78
16        android:maxSdkVersion="28" />
16-->src\main\AndroidManifest.xml:9:9-35
17
18    <!-- Although the *SdkVersion is captured in gradle build files, this is required for non gradle builds -->
19    <!-- <uses-sdk android:minSdkVersion="21" /> -->
20    <uses-permission android:name="android.permission.ACCESS_NETWORK_STATE" />
20-->[com.google.firebase:firebase-firestore:25.1.3] AndroidManifest.xml:10:5-79
20-->[com.google.firebase:firebase-firestore:25.1.3] AndroidManifest.xml:10:22-76
21    <uses-permission android:name="android.permission.WAKE_LOCK" />
21-->[com.google.android.gms:play-services-measurement:22.4.0] AndroidManifest.xml:25:5-68
21-->[com.google.android.gms:play-services-measurement:22.4.0] AndroidManifest.xml:25:22-65
22    <uses-permission android:name="com.google.android.finsky.permission.BIND_GET_INSTALL_REFERRER_SERVICE" />
22-->[com.google.android.gms:play-services-measurement:22.4.0] AndroidManifest.xml:26:5-110
22-->[com.google.android.gms:play-services-measurement:22.4.0] AndroidManifest.xml:26:22-107
23    <uses-permission android:name="com.google.android.gms.permission.AD_ID" />
23-->[com.google.android.gms:play-services-measurement-impl:22.4.0] AndroidManifest.xml:27:5-79
23-->[com.google.android.gms:play-services-measurement-impl:22.4.0] AndroidManifest.xml:27:22-76
24    <uses-permission android:name="android.permission.ACCESS_ADSERVICES_ATTRIBUTION" />
24-->[com.google.android.gms:play-services-measurement-api:22.4.0] AndroidManifest.xml:26:5-88
24-->[com.google.android.gms:play-services-measurement-api:22.4.0] AndroidManifest.xml:26:22-85
25    <uses-permission android:name="android.permission.ACCESS_ADSERVICES_AD_ID" />
25-->[com.google.android.gms:play-services-measurement-api:22.4.0] AndroidManifest.xml:27:5-82
25-->[com.google.android.gms:play-services-measurement-api:22.4.0] AndroidManifest.xml:27:22-79
26    <uses-permission android:name="android.permission.RECEIVE_BOOT_COMPLETED" />
26-->[androidx.work:work-runtime:2.10.0] AndroidManifest.xml:25:5-81
26-->[androidx.work:work-runtime:2.10.0] AndroidManifest.xml:25:22-78
27    <uses-permission android:name="android.permission.FOREGROUND_SERVICE" />
27-->[androidx.work:work-runtime:2.10.0] AndroidManifest.xml:26:5-77
27-->[androidx.work:work-runtime:2.10.0] AndroidManifest.xml:26:22-74
28
29    <permission
29-->[androidx.core:core:1.15.0] AndroidManifest.xml:22:5-24:47
30        android:name="com.example.queueview.DYNAMIC_RECEIVER_NOT_EXPORTED_PERMISSION"
30-->[androidx.core:core:1.15.0] AndroidManifest.xml:23:9-81
31        android:protectionLevel="signature" />
31-->[androidx.core:core:1.15.0] AndroidManifest.xml:24:9-44
32
33    <uses-permission android:name="com.example.queueview.DYNAMIC_RECEIVER_NOT_EXPORTED_PERMISSION" />
33-->[androidx.core:core:1.15.0] AndroidManifest.xml:26:5-97
33-->[androidx.core:core:1.15.0] AndroidManifest.xml:26:22-94
34
35    <supports-screens
35-->[org.osmdroid:osmdroid-android:6.1.20] AndroidManifest.xml:9:5-12:40
36        android:anyDensity="true"
36-->[org.osmdroid:osmdroid-android:6.1.20] AndroidManifest.xml:10:9-34
37        android:largeScreens="true"
37-->[org.osmdroid:osmdroid-android:6.1.20] AndroidManifest.xml:11:9-36
38        android:normalScreens="true" />
38-->[org.osmdroid:osmdroid-android:6.1.20] AndroidManifest.xml:12:9-37
39
40    <uses-feature
40-->[org.osmdroid:osmdroid-android:6.1.20] AndroidManifest.xml:14:5-16:36
41        android:name="android.hardware.location.network"
41-->[org.osmdroid:osmdroid-android:6.1.20] AndroidManifest.xml:15:9-57
42        android:required="false" />
42-->[org.osmdroid:osmdroid-android:6.1.20] AndroidManifest.xml:16:9-33
43    <uses-feature
43-->[org.osmdroid:osmdroid-android:6.1.20] AndroidManifest.xml:17:5-19:36
44        android:name="android.hardware.location.gps"
44-->[org.osmdroid:osmdroid-android:6.1.20] AndroidManifest.xml:18:9-53
45        android:required="false" />
45-->[org.osmdroid:osmdroid-android:6.1.20] AndroidManifest.xml:19:9-33
46    <uses-feature
46-->[org.osmdroid:osmdroid-android:6.1.20] AndroidManifest.xml:20:5-22:36
47        android:name="android.hardware.telephony"
47-->[org.osmdroid:osmdroid-android:6.1.20] AndroidManifest.xml:21:9-50
48        android:required="false" />
48-->[org.osmdroid:osmdroid-android:6.1.20] AndroidManifest.xml:22:9-33
49    <uses-feature
49-->[org.osmdroid:osmdroid-android:6.1.20] AndroidManifest.xml:23:5-25:36
50        android:name="android.hardware.wifi"
50-->[org.osmdroid:osmdroid-android:6.1.20] AndroidManifest.xml:24:9-45
51        android:required="false" />
51-->[org.osmdroid:osmdroid-android:6.1.20] AndroidManifest.xml:25:9-33
52
53    <application
53-->src\main\AndroidManifest.xml:11:5-33:19
54        android:name="com.example.queueview.QueueViewApp"
54-->src\main\AndroidManifest.xml:12:9-37
55        android:allowBackup="true"
55-->src\main\AndroidManifest.xml:13:9-35
56        android:appComponentFactory="androidx.core.app.CoreComponentFactory"
56-->[androidx.core:core:1.15.0] AndroidManifest.xml:28:18-86
57        android:dataExtractionRules="@xml/data_extraction_rules"
57-->src\main\AndroidManifest.xml:14:9-65
58        android:debuggable="true"
59        android:extractNativeLibs="false"
60        android:fullBackupContent="@xml/backup_rules"
60-->src\main\AndroidManifest.xml:15:9-54
61        android:icon="@mipmap/ic_launcher"
61-->src\main\AndroidManifest.xml:16:9-43
62        android:label="@string/app_name"
62-->src\main\AndroidManifest.xml:17:9-41
63        android:roundIcon="@mipmap/ic_launcher_round"
63-->src\main\AndroidManifest.xml:18:9-54
64        android:supportsRtl="true"
64-->src\main\AndroidManifest.xml:19:9-35
65        android:theme="@style/Theme.QueueView" >
65-->src\main\AndroidManifest.xml:20:9-47
66        <activity
66-->src\main\AndroidManifest.xml:22:9-32:20
67            android:name="com.example.queueview.MainActivity"
67-->src\main\AndroidManifest.xml:23:13-41
68            android:exported="true"
68-->src\main\AndroidManifest.xml:24:13-36
69            android:label="@string/app_name"
69-->src\main\AndroidManifest.xml:25:13-45
70            android:theme="@style/Theme.QueueView" >
70-->src\main\AndroidManifest.xml:26:13-51
71            <intent-filter>
71-->src\main\AndroidManifest.xml:27:13-31:29
72                <action android:name="android.intent.action.MAIN" />
72-->src\main\AndroidManifest.xml:28:17-69
72-->src\main\AndroidManifest.xml:28:25-66
73
74                <category android:name="android.intent.category.LAUNCHER" />
74-->src\main\AndroidManifest.xml:30:17-77
74-->src\main\AndroidManifest.xml:30:27-74
75            </intent-filter>
76        </activity>
77        <activity
77-->[androidx.compose.ui:ui-tooling-android:1.7.8] AndroidManifest.xml:23:9-25:39
78            android:name="androidx.compose.ui.tooling.PreviewActivity"
78-->[androidx.compose.ui:ui-tooling-android:1.7.8] AndroidManifest.xml:24:13-71
79            android:exported="true" />
79-->[androidx.compose.ui:ui-tooling-android:1.7.8] AndroidManifest.xml:25:13-36
80
81        <provider
81-->[androidx.emoji2:emoji2:1.3.0] AndroidManifest.xml:24:9-32:20
82            android:name="androidx.startup.InitializationProvider"
82-->[androidx.emoji2:emoji2:1.3.0] AndroidManifest.xml:25:13-67
83            android:authorities="com.example.queueview.androidx-startup"
83-->[androidx.emoji2:emoji2:1.3.0] AndroidManifest.xml:26:13-68
84            android:exported="false" >
84-->[androidx.emoji2:emoji2:1.3.0] AndroidManifest.xml:27:13-37
85            <meta-data
85-->[androidx.emoji2:emoji2:1.3.0] AndroidManifest.xml:29:13-31:52
86                android:name="androidx.emoji2.text.EmojiCompatInitializer"
86-->[androidx.emoji2:emoji2:1.3.0] AndroidManifest.xml:30:17-75
87                android:value="androidx.startup" />
87-->[androidx.emoji2:emoji2:1.3.0] AndroidManifest.xml:31:17-49
88            <meta-data
88-->[androidx.work:work-runtime:2.10.0] AndroidManifest.xml:34:13-36:52
89                android:name="androidx.work.WorkManagerInitializer"
89-->[androidx.work:work-runtime:2.10.0] AndroidManifest.xml:35:17-68
90                android:value="androidx.startup" />
90-->[androidx.work:work-runtime:2.10.0] AndroidManifest.xml:36:17-49
91            <meta-data
91-->[androidx.lifecycle:lifecycle-process:2.8.7] AndroidManifest.xml:29:13-31:52
92                android:name="androidx.lifecycle.ProcessLifecycleInitializer"
92-->[androidx.lifecycle:lifecycle-process:2.8.7] AndroidManifest.xml:30:17-78
93                android:value="androidx.startup" />
93-->[androidx.lifecycle:lifecycle-process:2.8.7] AndroidManifest.xml:31:17-49
94            <meta-data
94-->[androidx.profileinstaller:profileinstaller:1.4.0] AndroidManifest.xml:29:13-31:52
95                android:name="androidx.profileinstaller.ProfileInstallerInitializer"
95-->[androidx.profileinstaller:profileinstaller:1.4.0] AndroidManifest.xml:30:17-85
96                android:value="androidx.startup" />
96-->[androidx.profileinstaller:profileinstaller:1.4.0] AndroidManifest.xml:31:17-49
97        </provider>
98
99        <service
99-->[com.google.firebase:firebase-firestore:25.1.3] AndroidManifest.xml:14:9-23:19
100            android:name="com.google.firebase.components.ComponentDiscoveryService"
100-->[com.google.firebase:firebase-firestore:25.1.3] AndroidManifest.xml:15:13-84
101            android:directBootAware="true"
101-->[com.google.firebase:firebase-common:21.0.0] AndroidManifest.xml:32:13-43
102            android:exported="false" >
102-->[com.google.firebase:firebase-firestore:25.1.3] AndroidManifest.xml:16:13-37
103            <meta-data
103-->[com.google.firebase:firebase-firestore:25.1.3] AndroidManifest.xml:17:13-19:85
104                android:name="com.google.firebase.components:com.google.firebase.firestore.FirebaseFirestoreKtxRegistrar"
104-->[com.google.firebase:firebase-firestore:25.1.3] AndroidManifest.xml:18:17-122
105                android:value="com.google.firebase.components.ComponentRegistrar" />
105-->[com.google.firebase:firebase-firestore:25.1.3] AndroidManifest.xml:19:17-82
106            <meta-data
106-->[com.google.firebase:firebase-firestore:25.1.3] AndroidManifest.xml:20:13-22:85
107                android:name="com.google.firebase.components:com.google.firebase.firestore.FirestoreRegistrar"
107-->[com.google.firebase:firebase-firestore:25.1.3] AndroidManifest.xml:21:17-111
108                android:value="com.google.firebase.components.ComponentRegistrar" />
108-->[com.google.firebase:firebase-firestore:25.1.3] AndroidManifest.xml:22:17-82
109            <meta-data
109-->[com.google.android.gms:play-services-measurement-api:22.4.0] AndroidManifest.xml:33:13-35:85
110                android:name="com.google.firebase.components:com.google.firebase.analytics.connector.internal.AnalyticsConnectorRegistrar"
110-->[com.google.android.gms:play-services-measurement-api:22.4.0] AndroidManifest.xml:34:17-139
111                android:value="com.google.firebase.components.ComponentRegistrar" />
111-->[com.google.android.gms:play-services-measurement-api:22.4.0] AndroidManifest.xml:35:17-82
112            <meta-data
112-->[com.google.firebase:firebase-installations:18.0.0] AndroidManifest.xml:15:13-17:85
113                android:name="com.google.firebase.components:com.google.firebase.installations.FirebaseInstallationsKtxRegistrar"
113-->[com.google.firebase:firebase-installations:18.0.0] AndroidManifest.xml:16:17-130
114                android:value="com.google.firebase.components.ComponentRegistrar" />
114-->[com.google.firebase:firebase-installations:18.0.0] AndroidManifest.xml:17:17-82
115            <meta-data
115-->[com.google.firebase:firebase-installations:18.0.0] AndroidManifest.xml:18:13-20:85
116                android:name="com.google.firebase.components:com.google.firebase.installations.FirebaseInstallationsRegistrar"
116-->[com.google.firebase:firebase-installations:18.0.0] AndroidManifest.xml:19:17-127
117                android:value="com.google.firebase.components.ComponentRegistrar" />
117-->[com.google.firebase:firebase-installations:18.0.0] AndroidManifest.xml:20:17-82
118            <meta-data
118-->[com.google.firebase:firebase-common-ktx:21.0.0] AndroidManifest.xml:12:13-14:85
119                android:name="com.google.firebase.components:com.google.firebase.ktx.FirebaseCommonLegacyRegistrar"
119-->[com.google.firebase:firebase-common-ktx:21.0.0] AndroidManifest.xml:13:17-116
120                android:value="com.google.firebase.components.ComponentRegistrar" />
120-->[com.google.firebase:firebase-common-ktx:21.0.0] AndroidManifest.xml:14:17-82
121            <meta-data
121-->[com.google.firebase:firebase-common:21.0.0] AndroidManifest.xml:35:13-37:85
122                android:name="com.google.firebase.components:com.google.firebase.FirebaseCommonKtxRegistrar"
122-->[com.google.firebase:firebase-common:21.0.0] AndroidManifest.xml:36:17-109
123                android:value="com.google.firebase.components.ComponentRegistrar" />
123-->[com.google.firebase:firebase-common:21.0.0] AndroidManifest.xml:37:17-82
124        </service>
125
126        <receiver
126-->[com.google.android.gms:play-services-measurement:22.4.0] AndroidManifest.xml:29:9-33:20
127            android:name="com.google.android.gms.measurement.AppMeasurementReceiver"
127-->[com.google.android.gms:play-services-measurement:22.4.0] AndroidManifest.xml:30:13-85
128            android:enabled="true"
128-->[com.google.android.gms:play-services-measurement:22.4.0] AndroidManifest.xml:31:13-35
129            android:exported="false" >
129-->[com.google.android.gms:play-services-measurement:22.4.0] AndroidManifest.xml:32:13-37
130        </receiver>
131
132        <service
132-->[com.google.android.gms:play-services-measurement:22.4.0] AndroidManifest.xml:35:9-38:40
133            android:name="com.google.android.gms.measurement.AppMeasurementService"
133-->[com.google.android.gms:play-services-measurement:22.4.0] AndroidManifest.xml:36:13-84
134            android:enabled="true"
134-->[com.google.android.gms:play-services-measurement:22.4.0] AndroidManifest.xml:37:13-35
135            android:exported="false" />
135-->[com.google.android.gms:play-services-measurement:22.4.0] AndroidManifest.xml:38:13-37
136        <service
136-->[com.google.android.gms:play-services-measurement:22.4.0] AndroidManifest.xml:39:9-43:72
137            android:name="com.google.android.gms.measurement.AppMeasurementJobService"
137-->[com.google.android.gms:play-services-measurement:22.4.0] AndroidManifest.xml:40:13-87
138            android:enabled="true"
138-->[com.google.android.gms:play-services-measurement:22.4.0] AndroidManifest.xml:41:13-35
139            android:exported="false"
139-->[com.google.android.gms:play-services-measurement:22.4.0] AndroidManifest.xml:42:13-37
140            android:permission="android.permission.BIND_JOB_SERVICE" />
140-->[com.google.android.gms:play-services-measurement:22.4.0] AndroidManifest.xml:43:13-69
141
142        <activity
142-->[com.google.android.gms:play-services-base:18.5.0] AndroidManifest.xml:5:9-173
143            android:name="com.google.android.gms.common.api.GoogleApiActivity"
143-->[com.google.android.gms:play-services-base:18.5.0] AndroidManifest.xml:5:19-85
144            android:exported="false"
144-->[com.google.android.gms:play-services-base:18.5.0] AndroidManifest.xml:5:146-170
145            android:theme="@android:style/Theme.Translucent.NoTitleBar" />
145-->[com.google.android.gms:play-services-base:18.5.0] AndroidManifest.xml:5:86-145
146
147        <provider
147-->[com.google.firebase:firebase-common:21.0.0] AndroidManifest.xml:23:9-28:39
148            android:name="com.google.firebase.provider.FirebaseInitProvider"
148-->[com.google.firebase:firebase-common:21.0.0] AndroidManifest.xml:24:13-77
149            android:authorities="com.example.queueview.firebaseinitprovider"
149-->[com.google.firebase:firebase-common:21.0.0] AndroidManifest.xml:25:13-72
150            android:directBootAware="true"
150-->[com.google.firebase:firebase-common:21.0.0] AndroidManifest.xml:26:13-43
151            android:exported="false"
151-->[com.google.firebase:firebase-common:21.0.0] AndroidManifest.xml:27:13-37
152            android:initOrder="100" />
152-->[com.google.firebase:firebase-common:21.0.0] AndroidManifest.xml:28:13-36
153
154        <service
154-->[androidx.room:room-runtime:2.6.1] AndroidManifest.xml:24:9-28:63
155            android:name="androidx.room.MultiInstanceInvalidationService"
155-->[androidx.room:room-runtime:2.6.1] AndroidManifest.xml:25:13-74
156            android:directBootAware="true"
156-->[androidx.room:room-runtime:2.6.1] AndroidManifest.xml:26:13-43
157            android:exported="false" />
157-->[androidx.room:room-runtime:2.6.1] AndroidManifest.xml:27:13-37
158        <service
158-->[androidx.work:work-runtime:2.10.0] AndroidManifest.xml:39:9-45:35
159            android:name="androidx.work.impl.background.systemalarm.SystemAlarmService"
159-->[androidx.work:work-runtime:2.10.0] AndroidManifest.xml:40:13-88
160            android:directBootAware="false"
160-->[androidx.work:work-runtime:2.10.0] AndroidManifest.xml:41:13-44
161            android:enabled="@bool/enable_system_alarm_service_default"
161-->[androidx.work:work-runtime:2.10.0] AndroidManifest.xml:42:13-72
162            android:exported="false" />
162-->[androidx.work:work-runtime:2.10.0] AndroidManifest.xml:43:13-37
163        <service
163-->[androidx.work:work-runtime:2.10.0] AndroidManifest.xml:46:9-52:35
164            android:name="androidx.work.impl.background.systemjob.SystemJobService"
164-->[androidx.work:work-runtime:2.10.0] AndroidManifest.xml:47:13-84
165            android:directBootAware="false"
165-->[androidx.work:work-runtime:2.10.0] AndroidManifest.xml:48:13-44
166            android:enabled="@bool/enable_system_job_service_default"
166-->[androidx.work:work-runtime:2.10.0] AndroidManifest.xml:49:13-70
167            android:exported="true"
167-->[androidx.work:work-runtime:2.10.0] AndroidManifest.xml:50:13-36
168            android:permission="android.permission.BIND_JOB_SERVICE" />
168-->[androidx.work:work-runtime:2.10.0] AndroidManifest.xml:51:13-69
169        <service
169-->[androidx.work:work-runtime:2.10.0] AndroidManifest.xml:53:9-59:35
170            android:name="androidx.work.impl.foreground.SystemForegroundService"
170-->[androidx.work:work-runtime:2.10.0] AndroidManifest.xml:54:13-81
171            android:directBootAware="false"
171-->[androidx.work:work-runtime:2.10.0] AndroidManifest.xml:55:13-44
172            android:enabled="@bool/enable_system_foreground_service_default"
172-->[androidx.work:work-runtime:2.10.0] AndroidManifest.xml:56:13-77
173            android:exported="false" />
173-->[androidx.work:work-runtime:2.10.0] AndroidManifest.xml:57:13-37
174
175        <receiver
175-->[androidx.work:work-runtime:2.10.0] AndroidManifest.xml:61:9-66:35
176            android:name="androidx.work.impl.utils.ForceStopRunnable$BroadcastReceiver"
176-->[androidx.work:work-runtime:2.10.0] AndroidManifest.xml:62:13-88
177            android:directBootAware="false"
177-->[androidx.work:work-runtime:2.10.0] AndroidManifest.xml:63:13-44
178            android:enabled="true"
178-->[androidx.work:work-runtime:2.10.0] AndroidManifest.xml:64:13-35
179            android:exported="false" />
179-->[androidx.work:work-runtime:2.10.0] AndroidManifest.xml:65:13-37
180        <receiver
180-->[androidx.work:work-runtime:2.10.0] AndroidManifest.xml:67:9-77:20
181            android:name="androidx.work.impl.background.systemalarm.ConstraintProxy$BatteryChargingProxy"
181-->[androidx.work:work-runtime:2.10.0] AndroidManifest.xml:68:13-106
182            android:directBootAware="false"
182-->[androidx.work:work-runtime:2.10.0] AndroidManifest.xml:69:13-44
183            android:enabled="false"
183-->[androidx.work:work-runtime:2.10.0] AndroidManifest.xml:70:13-36
184            android:exported="false" >
184-->[androidx.work:work-runtime:2.10.0] AndroidManifest.xml:71:13-37
185            <intent-filter>
185-->[androidx.work:work-runtime:2.10.0] AndroidManifest.xml:73:13-76:29
186                <action android:name="android.intent.action.ACTION_POWER_CONNECTED" />
186-->[androidx.work:work-runtime:2.10.0] AndroidManifest.xml:74:17-87
186-->[androidx.work:work-runtime:2.10.0] AndroidManifest.xml:74:25-84
187                <action android:name="android.intent.action.ACTION_POWER_DISCONNECTED" />
187-->[androidx.work:work-runtime:2.10.0] AndroidManifest.xml:75:17-90
187-->[androidx.work:work-runtime:2.10.0] AndroidManifest.xml:75:25-87
188            </intent-filter>
189        </receiver>
190        <receiver
190-->[androidx.work:work-runtime:2.10.0] AndroidManifest.xml:78:9-88:20
191            android:name="androidx.work.impl.background.systemalarm.ConstraintProxy$BatteryNotLowProxy"
191-->[androidx.work:work-runtime:2.10.0] AndroidManifest.xml:79:13-104
192            android:directBootAware="false"
192-->[androidx.work:work-runtime:2.10.0] AndroidManifest.xml:80:13-44
193            android:enabled="false"
193-->[androidx.work:work-runtime:2.10.0] AndroidManifest.xml:81:13-36
194            android:exported="false" >
194-->[androidx.work:work-runtime:2.10.0] AndroidManifest.xml:82:13-37
195            <intent-filter>
195-->[androidx.work:work-runtime:2.10.0] AndroidManifest.xml:84:13-87:29
196                <action android:name="android.intent.action.BATTERY_OKAY" />
196-->[androidx.work:work-runtime:2.10.0] AndroidManifest.xml:85:17-77
196-->[androidx.work:work-runtime:2.10.0] AndroidManifest.xml:85:25-74
197                <action android:name="android.intent.action.BATTERY_LOW" />
197-->[androidx.work:work-runtime:2.10.0] AndroidManifest.xml:86:17-76
197-->[androidx.work:work-runtime:2.10.0] AndroidManifest.xml:86:25-73
198            </intent-filter>
199        </receiver>
200        <receiver
200-->[androidx.work:work-runtime:2.10.0] AndroidManifest.xml:89:9-99:20
201            android:name="androidx.work.impl.background.systemalarm.ConstraintProxy$StorageNotLowProxy"
201-->[androidx.work:work-runtime:2.10.0] AndroidManifest.xml:90:13-104
202            android:directBootAware="false"
202-->[androidx.work:work-runtime:2.10.0] AndroidManifest.xml:91:13-44
203            android:enabled="false"
203-->[androidx.work:work-runtime:2.10.0] AndroidManifest.xml:92:13-36
204            android:exported="false" >
204-->[androidx.work:work-runtime:2.10.0] AndroidManifest.xml:93:13-37
205            <intent-filter>
205-->[androidx.work:work-runtime:2.10.0] AndroidManifest.xml:95:13-98:29
206                <action android:name="android.intent.action.DEVICE_STORAGE_LOW" />
206-->[androidx.work:work-runtime:2.10.0] AndroidManifest.xml:96:17-83
206-->[androidx.work:work-runtime:2.10.0] AndroidManifest.xml:96:25-80
207                <action android:name="android.intent.action.DEVICE_STORAGE_OK" />
207-->[androidx.work:work-runtime:2.10.0] AndroidManifest.xml:97:17-82
207-->[androidx.work:work-runtime:2.10.0] AndroidManifest.xml:97:25-79
208            </intent-filter>
209        </receiver>
210        <receiver
210-->[androidx.work:work-runtime:2.10.0] AndroidManifest.xml:100:9-109:20
211            android:name="androidx.work.impl.background.systemalarm.ConstraintProxy$NetworkStateProxy"
211-->[androidx.work:work-runtime:2.10.0] AndroidManifest.xml:101:13-103
212            android:directBootAware="false"
212-->[androidx.work:work-runtime:2.10.0] AndroidManifest.xml:102:13-44
213            android:enabled="false"
213-->[androidx.work:work-runtime:2.10.0] AndroidManifest.xml:103:13-36
214            android:exported="false" >
214-->[androidx.work:work-runtime:2.10.0] AndroidManifest.xml:104:13-37
215            <intent-filter>
215-->[androidx.work:work-runtime:2.10.0] AndroidManifest.xml:106:13-108:29
216                <action android:name="android.net.conn.CONNECTIVITY_CHANGE" />
216-->[androidx.work:work-runtime:2.10.0] AndroidManifest.xml:107:17-79
216-->[androidx.work:work-runtime:2.10.0] AndroidManifest.xml:107:25-76
217            </intent-filter>
218        </receiver>
219        <receiver
219-->[androidx.work:work-runtime:2.10.0] AndroidManifest.xml:110:9-121:20
220            android:name="androidx.work.impl.background.systemalarm.RescheduleReceiver"
220-->[androidx.work:work-runtime:2.10.0] AndroidManifest.xml:111:13-88
221            android:directBootAware="false"
221-->[androidx.work:work-runtime:2.10.0] AndroidManifest.xml:112:13-44
222            android:enabled="false"
222-->[androidx.work:work-runtime:2.10.0] AndroidManifest.xml:113:13-36
223            android:exported="false" >
223-->[androidx.work:work-runtime:2.10.0] AndroidManifest.xml:114:13-37
224            <intent-filter>
224-->[androidx.work:work-runtime:2.10.0] AndroidManifest.xml:116:13-120:29
225                <action android:name="android.intent.action.BOOT_COMPLETED" />
225-->[androidx.work:work-runtime:2.10.0] AndroidManifest.xml:117:17-79
225-->[androidx.work:work-runtime:2.10.0] AndroidManifest.xml:117:25-76
226                <action android:name="android.intent.action.TIME_SET" />
226-->[androidx.work:work-runtime:2.10.0] AndroidManifest.xml:118:17-73
226-->[androidx.work:work-runtime:2.10.0] AndroidManifest.xml:118:25-70
227                <action android:name="android.intent.action.TIMEZONE_CHANGED" />
227-->[androidx.work:work-runtime:2.10.0] AndroidManifest.xml:119:17-81
227-->[androidx.work:work-runtime:2.10.0] AndroidManifest.xml:119:25-78
228            </intent-filter>
229        </receiver>
230        <receiver
230-->[androidx.work:work-runtime:2.10.0] AndroidManifest.xml:122:9-131:20
231            android:name="androidx.work.impl.background.systemalarm.ConstraintProxyUpdateReceiver"
231-->[androidx.work:work-runtime:2.10.0] AndroidManifest.xml:123:13-99
232            android:directBootAware="false"
232-->[androidx.work:work-runtime:2.10.0] AndroidManifest.xml:124:13-44
233            android:enabled="@bool/enable_system_alarm_service_default"
233-->[androidx.work:work-runtime:2.10.0] AndroidManifest.xml:125:13-72
234            android:exported="false" >
234-->[androidx.work:work-runtime:2.10.0] AndroidManifest.xml:126:13-37
235            <intent-filter>
235-->[androidx.work:work-runtime:2.10.0] AndroidManifest.xml:128:13-130:29
236                <action android:name="androidx.work.impl.background.systemalarm.UpdateProxies" />
236-->[androidx.work:work-runtime:2.10.0] AndroidManifest.xml:129:17-98
236-->[androidx.work:work-runtime:2.10.0] AndroidManifest.xml:129:25-95
237            </intent-filter>
238        </receiver>
239        <receiver
239-->[androidx.work:work-runtime:2.10.0] AndroidManifest.xml:132:9-142:20
240            android:name="androidx.work.impl.diagnostics.DiagnosticsReceiver"
240-->[androidx.work:work-runtime:2.10.0] AndroidManifest.xml:133:13-78
241            android:directBootAware="false"
241-->[androidx.work:work-runtime:2.10.0] AndroidManifest.xml:134:13-44
242            android:enabled="true"
242-->[androidx.work:work-runtime:2.10.0] AndroidManifest.xml:135:13-35
243            android:exported="true"
243-->[androidx.work:work-runtime:2.10.0] AndroidManifest.xml:136:13-36
244            android:permission="android.permission.DUMP" >
244-->[androidx.work:work-runtime:2.10.0] AndroidManifest.xml:137:13-57
245            <intent-filter>
245-->[androidx.work:work-runtime:2.10.0] AndroidManifest.xml:139:13-141:29
246                <action android:name="androidx.work.diagnostics.REQUEST_DIAGNOSTICS" />
246-->[androidx.work:work-runtime:2.10.0] AndroidManifest.xml:140:17-88
246-->[androidx.work:work-runtime:2.10.0] AndroidManifest.xml:140:25-85
247            </intent-filter>
248        </receiver>
249
250        <uses-library
250-->[androidx.privacysandbox.ads:ads-adservices:1.1.0-beta11] AndroidManifest.xml:23:9-25:40
251            android:name="android.ext.adservices"
251-->[androidx.privacysandbox.ads:ads-adservices:1.1.0-beta11] AndroidManifest.xml:24:13-50
252            android:required="false" />
252-->[androidx.privacysandbox.ads:ads-adservices:1.1.0-beta11] AndroidManifest.xml:25:13-37
253
254        <meta-data
254-->[com.google.android.gms:play-services-basement:18.5.0] AndroidManifest.xml:21:9-23:69
255            android:name="com.google.android.gms.version"
255-->[com.google.android.gms:play-services-basement:18.5.0] AndroidManifest.xml:22:13-58
256            android:value="@integer/google_play_services_version" />
256-->[com.google.android.gms:play-services-basement:18.5.0] AndroidManifest.xml:23:13-66
257
258        <activity
258-->[androidx.compose.ui:ui-test-manifest:1.7.8] AndroidManifest.xml:23:9-25:39
259            android:name="androidx.activity.ComponentActivity"
259-->[androidx.compose.ui:ui-test-manifest:1.7.8] AndroidManifest.xml:24:13-63
260            android:exported="true" />
260-->[androidx.compose.ui:ui-test-manifest:1.7.8] AndroidManifest.xml:25:13-36
261
262        <receiver